# JRE version: OpenJDK Runtime Environment (11.0.12+7) (build 11.0.12+7-b1504.28-7817840)
# Java VM: OpenJDK 64-Bit Server VM (11.0.12+7-b1504.28-7817840, mixed mode, tiered, compressed oops, g1 gc, windows-amd64)
Heap:
 garbage-first heap   total 315392K, used 115277K [0x0000000080000000, 0x0000000100000000)
  region size 1024K, 1 young (1024K), 1 survivors (1024K)
 Metaspace       used 129039K, capacity 132524K, committed 132608K, reserved 1165312K
  class space    used 16360K, capacity 17620K, committed 17664K, reserved 1048576K
GC Heap History (20 events):
Event: 3129.718 GC heap after
{Heap after GC invocations=144 (full 0):
 garbage-first heap   total 155648K, used 113758K [0x0000000080000000, 0x0000000100000000)
  region size 1024K, 3 young (3072K), 3 survivors (3072K)
 Metaspace       used 120160K, capacity 123012K, committed 123392K, reserved 1157120K
  class space    used 14938K, capacity 15964K, committed 16128K, reserved 1048576K
}
Event: 3129.947 GC heap before
{Heap before GC invocations=144 (full 0):
 garbage-first heap   total 155648K, used 129118K [0x0000000080000000, 0x0000000100000000)
  region size 1024K, 19 young (19456K), 3 survivors (3072K)
 Metaspace       used 120170K, capacity 123021K, committed 123392K, reserved 1157120K
  class space    used 14939K, capacity 15967K, committed 16128K, reserved 1048576K
}
Event: 3129.951 GC heap after
{Heap after GC invocations=145 (full 0):
 garbage-first heap   total 155648K, used 112356K [0x0000000080000000, 0x0000000100000000)
  region size 1024K, 1 young (1024K), 1 survivors (1024K)
 Metaspace       used 120170K, capacity 123021K, committed 123392K, reserved 1157120K
  class space    used 14939K, capacity 15967K, committed 16128K, reserved 1048576K
}
Event: 3130.567 GC heap before
{Heap before GC invocations=146 (full 0):
 garbage-first heap   total 155648K, used 128740K [0x0000000080000000, 0x0000000100000000)
  region size 1024K, 18 young (18432K), 1 survivors (1024K)
 Metaspace       used 120831K, capacity 123705K, committed 123904K, reserved 1157120K
  class space    used 15040K, capacity 16082K, committed 16128K, reserved 1048576K
}
Event: 3130.571 GC heap after
{Heap after GC invocations=147 (full 0):
 garbage-first heap   total 155648K, used 113091K [0x0000000080000000, 0x0000000100000000)
  region size 1024K, 2 young (2048K), 2 survivors (2048K)
 Metaspace       used 120831K, capacity 123705K, committed 123904K, reserved 1157120K
  class space    used 15040K, capacity 16082K, committed 16128K, reserved 1048576K
}
Event: 3130.775 GC heap before
{Heap before GC invocations=147 (full 0):
 garbage-first heap   total 155648K, used 117187K [0x0000000080000000, 0x0000000100000000)
  region size 1024K, 7 young (7168K), 2 survivors (2048K)
 Metaspace       used 122300K, capacity 125245K, committed 125440K, reserved 1159168K
  class space    used 15237K, capacity 16298K, committed 16384K, reserved 1048576K
}
Event: 3130.780 GC heap after
{Heap after GC invocations=148 (full 0):
 garbage-first heap   total 155648K, used 112806K [0x0000000080000000, 0x0000000100000000)
  region size 1024K, 1 young (1024K), 1 survivors (1024K)
 Metaspace       used 122300K, capacity 125245K, committed 125440K, reserved 1159168K
  class space    used 15237K, capacity 16298K, committed 16384K, reserved 1048576K
}
Event: 3131.682 GC heap before
{Heap before GC invocations=148 (full 0):
 garbage-first heap   total 155648K, used 130214K [0x0000000080000000, 0x0000000100000000)
  region size 1024K, 18 young (18432K), 1 survivors (1024K)
 Metaspace       used 126539K, capacity 129806K, committed 130048K, reserved 1163264K
  class space    used 15945K, capacity 17143K, committed 17152K, reserved 1048576K
}
Event: 3131.687 GC heap after
{Heap after GC invocations=149 (full 0):
 garbage-first heap   total 155648K, used 113347K [0x0000000080000000, 0x0000000100000000)
  region size 1024K, 1 young (1024K), 1 survivors (1024K)
 Metaspace       used 126539K, capacity 129806K, committed 130048K, reserved 1163264K
  class space    used 15945K, capacity 17143K, committed 17152K, reserved 1048576K
}
Event: 3133.381 GC heap before
{Heap before GC invocations=150 (full 0):
 garbage-first heap   total 155648K, used 130755K [0x0000000080000000, 0x0000000100000000)
  region size 1024K, 19 young (19456K), 1 survivors (1024K)
 Metaspace       used 128955K, capacity 132380K, committed 132608K, reserved 1165312K
  class space    used 16356K, capacity 17616K, committed 17664K, reserved 1048576K
}
Event: 3133.388 GC heap after
{Heap after GC invocations=151 (full 0):
 garbage-first heap   total 155648K, used 114221K [0x0000000080000000, 0x0000000100000000)
  region size 1024K, 2 young (2048K), 2 survivors (2048K)
 Metaspace       used 128955K, capacity 132380K, committed 132608K, reserved 1165312K
  class space    used 16356K, capacity 17616K, committed 17664K, reserved 1048576K
}
Event: 3133.483 GC heap before
{Heap before GC invocations=151 (full 0):
 garbage-first heap   total 155648K, used 119341K [0x0000000080000000, 0x0000000100000000)
  region size 1024K, 7 young (7168K), 2 survivors (2048K)
 Metaspace       used 128956K, capacity 132380K, committed 132608K, reserved 1165312K
  class space    used 16356K, capacity 17616K, committed 17664K, reserved 1048576K
}
Event: 3133.497 GC heap after
{Heap after GC invocations=152 (full 0):
 garbage-first heap   total 155648K, used 112720K [0x0000000080000000, 0x0000000100000000)
  region size 1024K, 1 young (1024K), 1 survivors (1024K)
 Metaspace       used 128956K, capacity 132380K, committed 132608K, reserved 1165312K
  class space    used 16356K, capacity 17616K, committed 17664K, reserved 1048576K
}
Event: 3133.861 GC heap before
{Heap before GC invocations=152 (full 0):
 garbage-first heap   total 155648K, used 114768K [0x0000000080000000, 0x0000000100000000)
  region size 1024K, 5 young (5120K), 1 survivors (1024K)
 Metaspace       used 128958K, capacity 132380K, committed 132608K, reserved 1165312K
  class space    used 16356K, capacity 17616K, committed 17664K, reserved 1048576K
}
Event: 3133.870 GC heap after
{Heap after GC invocations=153 (full 0):
 garbage-first heap   total 155648K, used 113141K [0x0000000080000000, 0x0000000100000000)
  region size 1024K, 1 young (1024K), 1 survivors (1024K)
 Metaspace       used 128958K, capacity 132380K, committed 132608K, reserved 1165312K
  class space    used 16356K, capacity 17616K, committed 17664K, reserved 1048576K
}
Event: 3324.304 GC heap before
{Heap before GC invocations=154 (full 0):
 garbage-first heap   total 155648K, used 155125K [0x0000000080000000, 0x0000000100000000)
  region size 1024K, 19 young (19456K), 1 survivors (1024K)
 Metaspace       used 129037K, capacity 132524K, committed 132608K, reserved 1165312K
  class space    used 16359K, capacity 17620K, committed 17664K, reserved 1048576K
}
Event: 3328.711 GC heap after
{Heap after GC invocations=155 (full 0):
 garbage-first heap   total 157696K, used 113922K [0x0000000080000000, 0x0000000100000000)
  region size 1024K, 2 young (2048K), 2 survivors (2048K)
 Metaspace       used 129037K, capacity 132524K, committed 132608K, reserved 1165312K
  class space    used 16359K, capacity 17620K, committed 17664K, reserved 1048576K
}
Event: 3332.328 GC heap before
{Heap before GC invocations=155 (full 0):
 garbage-first heap   total 157696K, used 119042K [0x0000000080000000, 0x0000000100000000)
  region size 1024K, 7 young (7168K), 2 survivors (2048K)
 Metaspace       used 129039K, capacity 132524K, committed 132608K, reserved 1165312K
  class space    used 16360K, capacity 17620K, committed 17664K, reserved 1048576K
}
Event: 3335.930 GC heap after
{Heap after GC invocations=156 (full 0):
 garbage-first heap   total 157696K, used 114214K [0x0000000080000000, 0x0000000100000000)
  region size 1024K, 1 young (1024K), 1 survivors (1024K)
 Metaspace       used 129039K, capacity 132524K, committed 132608K, reserved 1165312K
  class space    used 16360K, capacity 17620K, committed 17664K, reserved 1048576K
}
Event: 3338.571 GC heap before
{Heap before GC invocations=156 (full 0):
 garbage-first heap   total 157696K, used 120358K [0x0000000080000000, 0x0000000100000000)
  region size 1024K, 7 young (7168K), 1 survivors (1024K)
 Metaspace       used 129039K, capacity 132524K, committed 132608K, reserved 1165312K
  class space    used 16360K, capacity 17620K, committed 17664K, reserved 1048576K
}

