# JRE version: OpenJDK Runtime Environment (11.0.12+7) (build 11.0.12+7-b1504.28-7817840)
# Java VM: OpenJDK 64-Bit Server VM (11.0.12+7-b1504.28-7817840, mixed mode, tiered, compressed oops, g1 gc, windows-amd64)
Heap:
 garbage-first heap   total 129024K, used 96664K [0x0000000080000000, 0x0000000100000000)
  region size 1024K, 16 young (16384K), 4 survivors (4096K)
 Metaspace       used 89471K, capacity 91600K, committed 91776K, reserved 1128448K
  class space    used 11535K, capacity 12299K, committed 12416K, reserved 1048576K
GC Heap History (20 events):
Event: 45.826 GC heap before
{Heap before GC invocations=17 (full 0):
 garbage-first heap   total 129024K, used 99509K [0x0000000080000000, 0x0000000100000000)
  region size 1024K, 41 young (41984K), 3 survivors (3072K)
 Metaspace       used 69844K, capacity 71549K, committed 71680K, reserved 1112064K
  class space    used 8837K, capacity 9470K, committed 9472K, reserved 1048576K
}
Event: 45.834 GC heap after
{Heap after GC invocations=18 (full 0):
 garbage-first heap   total 129024K, used 63456K [0x0000000080000000, 0x0000000100000000)
  region size 1024K, 6 young (6144K), 6 survivors (6144K)
 Metaspace       used 69844K, capacity 71549K, committed 71680K, reserved 1112064K
  class space    used 8837K, capacity 9470K, committed 9472K, reserved 1048576K
}
Event: 48.420 GC heap before
{Heap before GC invocations=19 (full 0):
 garbage-first heap   total 129024K, used 101344K [0x0000000080000000, 0x0000000100000000)
  region size 1024K, 43 young (44032K), 6 survivors (6144K)
 Metaspace       used 74529K, capacity 76168K, committed 76288K, reserved 1116160K
  class space    used 9621K, capacity 10240K, committed 10240K, reserved 1048576K
}
Event: 48.429 GC heap after
{Heap after GC invocations=20 (full 0):
 garbage-first heap   total 129024K, used 65656K [0x0000000080000000, 0x0000000100000000)
  region size 1024K, 6 young (6144K), 6 survivors (6144K)
 Metaspace       used 74529K, capacity 76168K, committed 76288K, reserved 1116160K
  class space    used 9621K, capacity 10240K, committed 10240K, reserved 1048576K
}
Event: 50.666 GC heap before
{Heap before GC invocations=20 (full 0):
 garbage-first heap   total 129024K, used 103544K [0x0000000080000000, 0x0000000100000000)
  region size 1024K, 43 young (44032K), 6 survivors (6144K)
 Metaspace       used 76368K, capacity 78066K, committed 78336K, reserved 1118208K
  class space    used 9865K, capacity 10480K, committed 10496K, reserved 1048576K
}
Event: 50.673 GC heap after
{Heap after GC invocations=21 (full 0):
 garbage-first heap   total 129024K, used 68373K [0x0000000080000000, 0x0000000100000000)
  region size 1024K, 5 young (5120K), 5 survivors (5120K)
 Metaspace       used 76368K, capacity 78066K, committed 78336K, reserved 1118208K
  class space    used 9865K, capacity 10480K, committed 10496K, reserved 1048576K
}
Event: 53.740 GC heap before
{Heap before GC invocations=22 (full 0):
 garbage-first heap   total 129024K, used 105237K [0x0000000080000000, 0x0000000100000000)
  region size 1024K, 41 young (41984K), 5 survivors (5120K)
 Metaspace       used 78174K, capacity 79922K, committed 80000K, reserved 1118208K
  class space    used 10135K, capacity 10808K, committed 10880K, reserved 1048576K
}
Event: 53.747 GC heap after
{Heap after GC invocations=23 (full 0):
 garbage-first heap   total 129024K, used 71071K [0x0000000080000000, 0x0000000100000000)
  region size 1024K, 6 young (6144K), 6 survivors (6144K)
 Metaspace       used 78174K, capacity 79922K, committed 80000K, reserved 1118208K
  class space    used 10135K, capacity 10808K, committed 10880K, reserved 1048576K
}
Event: 56.250 GC heap before
{Heap before GC invocations=23 (full 0):
 garbage-first heap   total 129024K, used 105887K [0x0000000080000000, 0x0000000100000000)
  region size 1024K, 40 young (40960K), 6 survivors (6144K)
 Metaspace       used 81334K, capacity 83144K, committed 83328K, reserved 1122304K
  class space    used 10599K, capacity 11281K, committed 11392K, reserved 1048576K
}
Event: 56.262 GC heap after
{Heap after GC invocations=24 (full 0):
 garbage-first heap   total 129024K, used 72938K [0x0000000080000000, 0x0000000100000000)
  region size 1024K, 3 young (3072K), 3 survivors (3072K)
 Metaspace       used 81334K, capacity 83144K, committed 83328K, reserved 1122304K
  class space    used 10599K, capacity 11281K, committed 11392K, reserved 1048576K
}
Event: 59.050 GC heap before
{Heap before GC invocations=25 (full 0):
 garbage-first heap   total 129024K, used 106730K [0x0000000080000000, 0x0000000100000000)
  region size 1024K, 36 young (36864K), 3 survivors (3072K)
 Metaspace       used 84686K, capacity 86567K, committed 86784K, reserved 1124352K
  class space    used 11001K, capacity 11701K, committed 11776K, reserved 1048576K
}
Event: 59.058 GC heap after
{Heap after GC invocations=26 (full 0):
 garbage-first heap   total 129024K, used 75434K [0x0000000080000000, 0x0000000100000000)
  region size 1024K, 5 young (5120K), 5 survivors (5120K)
 Metaspace       used 84686K, capacity 86567K, committed 86784K, reserved 1124352K
  class space    used 11001K, capacity 11701K, committed 11776K, reserved 1048576K
}
Event: 65.262 GC heap before
{Heap before GC invocations=26 (full 0):
 garbage-first heap   total 129024K, used 106154K [0x0000000080000000, 0x0000000100000000)
  region size 1024K, 36 young (36864K), 5 survivors (5120K)
 Metaspace       used 87774K, capacity 89763K, committed 89984K, reserved 1126400K
  class space    used 11375K, capacity 12127K, committed 12160K, reserved 1048576K
}
Event: 65.279 GC heap after
{Heap after GC invocations=27 (full 0):
 garbage-first heap   total 129024K, used 80090K [0x0000000080000000, 0x0000000100000000)
  region size 1024K, 5 young (5120K), 5 survivors (5120K)
 Metaspace       used 87774K, capacity 89763K, committed 89984K, reserved 1126400K
  class space    used 11375K, capacity 12127K, committed 12160K, reserved 1048576K
}
Event: 119.130 GC heap before
{Heap before GC invocations=28 (full 0):
 garbage-first heap   total 129024K, used 106714K [0x0000000080000000, 0x0000000100000000)
  region size 1024K, 31 young (31744K), 5 survivors (5120K)
 Metaspace       used 88895K, capacity 91021K, committed 91136K, reserved 1128448K
  class space    used 11509K, capacity 12277K, committed 12288K, reserved 1048576K
}
Event: 119.142 GC heap after
{Heap after GC invocations=29 (full 0):
 garbage-first heap   total 129024K, used 82315K [0x0000000080000000, 0x0000000100000000)
  region size 1024K, 3 young (3072K), 3 survivors (3072K)
 Metaspace       used 88895K, capacity 91021K, committed 91136K, reserved 1128448K
  class space    used 11509K, capacity 12277K, committed 12288K, reserved 1048576K
}
Event: 125.403 GC heap before
{Heap before GC invocations=29 (full 0):
 garbage-first heap   total 129024K, used 106891K [0x0000000080000000, 0x0000000100000000)
  region size 1024K, 28 young (28672K), 3 survivors (3072K)
 Metaspace       used 89087K, capacity 91202K, committed 91520K, reserved 1128448K
  class space    used 11517K, capacity 12291K, committed 12416K, reserved 1048576K
}
Event: 125.408 GC heap after
{Heap after GC invocations=30 (full 0):
 garbage-first heap   total 129024K, used 84240K [0x0000000080000000, 0x0000000100000000)
  region size 1024K, 2 young (2048K), 2 survivors (2048K)
 Metaspace       used 89087K, capacity 91202K, committed 91520K, reserved 1128448K
  class space    used 11517K, capacity 12291K, committed 12416K, reserved 1048576K
}
Event: 130.660 GC heap before
{Heap before GC invocations=31 (full 0):
 garbage-first heap   total 129024K, used 107792K [0x0000000080000000, 0x0000000100000000)
  region size 1024K, 26 young (26624K), 2 survivors (2048K)
 Metaspace       used 89292K, capacity 91448K, committed 91776K, reserved 1128448K
  class space    used 11512K, capacity 12281K, committed 12416K, reserved 1048576K
}
Event: 130.667 GC heap after
{Heap after GC invocations=32 (full 0):
 garbage-first heap   total 129024K, used 85400K [0x0000000080000000, 0x0000000100000000)
  region size 1024K, 4 young (4096K), 4 survivors (4096K)
 Metaspace       used 89292K, capacity 91448K, committed 91776K, reserved 1128448K
  class space    used 11512K, capacity 12281K, committed 12416K, reserved 1048576K
}

