# JRE version: OpenJDK Runtime Environment (11.0.12+7) (build 11.0.12+7-b1504.28-7817840)
# Java VM: OpenJDK 64-Bit Server VM (11.0.12+7-b1504.28-7817840, mixed mode, tiered, compressed oops, g1 gc, windows-amd64)
Heap:
 garbage-first heap   total 361472K, used 206598K [0x0000000080000000, 0x0000000100000000)
  region size 1024K, 2 young (2048K), 2 survivors (2048K)
 Metaspace       used 221350K, capacity 226328K, committed 226560K, reserved 1247232K
  class space    used 27221K, capacity 29096K, committed 29184K, reserved 1048576K
GC Heap History (20 events):
Event: 5487.260 GC heap after
{Heap after GC invocations=176 (full 0):
 garbage-first heap   total 296960K, used 243431K [0x0000000080000000, 0x0000000100000000)
  region size 1024K, 2 young (2048K), 2 survivors (2048K)
 Metaspace       used 219720K, capacity 224726K, committed 224768K, reserved 1245184K
  class space    used 27076K, capacity 28911K, committed 28928K, reserved 1048576K
}
Event: 5487.318 GC heap before
{Heap before GC invocations=176 (full 0):
 garbage-first heap   total 296960K, used 255719K [0x0000000080000000, 0x0000000100000000)
  region size 1024K, 14 young (14336K), 2 survivors (2048K)
 Metaspace       used 219727K, capacity 224726K, committed 224768K, reserved 1245184K
  class space    used 27076K, capacity 28911K, committed 28928K, reserved 1048576K
}
Event: 5487.324 GC heap after
{Heap after GC invocations=177 (full 0):
 garbage-first heap   total 296960K, used 243645K [0x0000000080000000, 0x0000000100000000)
  region size 1024K, 2 young (2048K), 2 survivors (2048K)
 Metaspace       used 219727K, capacity 224726K, committed 224768K, reserved 1245184K
  class space    used 27076K, capacity 28911K, committed 28928K, reserved 1048576K
}
Event: 5487.390 GC heap before
{Heap before GC invocations=177 (full 0):
 garbage-first heap   total 296960K, used 259005K [0x0000000080000000, 0x0000000100000000)
  region size 1024K, 17 young (17408K), 2 survivors (2048K)
 Metaspace       used 219738K, capacity 224726K, committed 224768K, reserved 1245184K
  class space    used 27076K, capacity 28911K, committed 28928K, reserved 1048576K
}
Event: 5487.395 GC heap after
{Heap after GC invocations=178 (full 0):
 garbage-first heap   total 296960K, used 245075K [0x0000000080000000, 0x0000000100000000)
  region size 1024K, 2 young (2048K), 2 survivors (2048K)
 Metaspace       used 219738K, capacity 224726K, committed 224768K, reserved 1245184K
  class space    used 27076K, capacity 28911K, committed 28928K, reserved 1048576K
}
Event: 5487.425 GC heap before
{Heap before GC invocations=178 (full 0):
 garbage-first heap   total 296960K, used 260435K [0x0000000080000000, 0x0000000100000000)
  region size 1024K, 17 young (17408K), 2 survivors (2048K)
 Metaspace       used 219743K, capacity 224726K, committed 224768K, reserved 1245184K
  class space    used 27076K, capacity 28911K, committed 28928K, reserved 1048576K
}
Event: 5487.430 GC heap after
{Heap after GC invocations=179 (full 0):
 garbage-first heap   total 296960K, used 249586K [0x0000000080000000, 0x0000000100000000)
  region size 1024K, 3 young (3072K), 3 survivors (3072K)
 Metaspace       used 219743K, capacity 224726K, committed 224768K, reserved 1245184K
  class space    used 27076K, capacity 28911K, committed 28928K, reserved 1048576K
}
Event: 5487.553 GC heap before
{Heap before GC invocations=179 (full 0):
 garbage-first heap   total 296960K, used 260850K [0x0000000080000000, 0x0000000100000000)
  region size 1024K, 14 young (14336K), 3 survivors (3072K)
 Metaspace       used 219771K, capacity 224726K, committed 224768K, reserved 1245184K
  class space    used 27077K, capacity 28911K, committed 28928K, reserved 1048576K
}
Event: 5487.556 GC heap after
{Heap after GC invocations=180 (full 0):
 garbage-first heap   total 296960K, used 248361K [0x0000000080000000, 0x0000000100000000)
  region size 1024K, 2 young (2048K), 2 survivors (2048K)
 Metaspace       used 219771K, capacity 224726K, committed 224768K, reserved 1245184K
  class space    used 27077K, capacity 28911K, committed 28928K, reserved 1048576K
}
Event: 5487.871 GC heap before
{Heap before GC invocations=181 (full 0):
 garbage-first heap   total 296960K, used 241193K [0x0000000080000000, 0x0000000100000000)
  region size 1024K, 14 young (14336K), 2 survivors (2048K)
 Metaspace       used 219866K, capacity 224854K, committed 225024K, reserved 1245184K
  class space    used 27077K, capacity 28911K, committed 28928K, reserved 1048576K
}
Event: 5487.874 GC heap after
{Heap after GC invocations=182 (full 0):
 garbage-first heap   total 296960K, used 229873K [0x0000000080000000, 0x0000000100000000)
  region size 1024K, 2 young (2048K), 2 survivors (2048K)
 Metaspace       used 219866K, capacity 224854K, committed 225024K, reserved 1245184K
  class space    used 27077K, capacity 28911K, committed 28928K, reserved 1048576K
}
Event: 5488.039 GC heap before
{Heap before GC invocations=182 (full 0):
 garbage-first heap   total 296960K, used 241137K [0x0000000080000000, 0x0000000100000000)
  region size 1024K, 14 young (14336K), 2 survivors (2048K)
 Metaspace       used 219985K, capacity 224926K, committed 225024K, reserved 1245184K
  class space    used 27085K, capacity 28912K, committed 28928K, reserved 1048576K
}
Event: 5488.048 GC heap after
{Heap after GC invocations=183 (full 0):
 garbage-first heap   total 296960K, used 218769K [0x0000000080000000, 0x0000000100000000)
  region size 1024K, 1 young (1024K), 1 survivors (1024K)
 Metaspace       used 219985K, capacity 224926K, committed 225024K, reserved 1245184K
  class space    used 27085K, capacity 28912K, committed 28928K, reserved 1048576K
}
Event: 5489.993 GC heap before
{Heap before GC invocations=183 (full 0):
 garbage-first heap   total 296960K, used 246417K [0x0000000080000000, 0x0000000100000000)
  region size 1024K, 29 young (29696K), 1 survivors (1024K)
 Metaspace       used 220792K, capacity 225769K, committed 225920K, reserved 1247232K
  class space    used 27177K, capacity 29022K, committed 29056K, reserved 1048576K
}
Event: 5490.003 GC heap after
{Heap after GC invocations=184 (full 0):
 garbage-first heap   total 296960K, used 219776K [0x0000000080000000, 0x0000000100000000)
  region size 1024K, 2 young (2048K), 2 survivors (2048K)
 Metaspace       used 220792K, capacity 225769K, committed 225920K, reserved 1247232K
  class space    used 27177K, capacity 29022K, committed 29056K, reserved 1048576K
}
Event: 5490.999 GC heap before
{Heap before GC invocations=185 (full 0):
 garbage-first heap   total 296960K, used 245376K [0x0000000080000000, 0x0000000100000000)
  region size 1024K, 31 young (31744K), 2 survivors (2048K)
 Metaspace       used 221115K, capacity 226078K, committed 226304K, reserved 1247232K
  class space    used 27196K, capacity 29059K, committed 29184K, reserved 1048576K
}
Event: 5491.010 GC heap after
{Heap after GC invocations=186 (full 0):
 garbage-first heap   total 296960K, used 218532K [0x0000000080000000, 0x0000000100000000)
  region size 1024K, 4 young (4096K), 4 survivors (4096K)
 Metaspace       used 221115K, capacity 226078K, committed 226304K, reserved 1247232K
  class space    used 27196K, capacity 29059K, committed 29184K, reserved 1048576K
}
Event: 5491.084 GC heap before
{Heap before GC invocations=186 (full 0):
 garbage-first heap   total 296960K, used 228772K [0x0000000080000000, 0x0000000100000000)
  region size 1024K, 14 young (14336K), 4 survivors (4096K)
 Metaspace       used 221124K, capacity 226078K, committed 226304K, reserved 1247232K
  class space    used 27198K, capacity 29059K, committed 29184K, reserved 1048576K
}
Event: 5491.099 GC heap after
{Heap after GC invocations=187 (full 0):
 garbage-first heap   total 296960K, used 205921K [0x0000000080000000, 0x0000000100000000)
  region size 1024K, 1 young (1024K), 1 survivors (1024K)
 Metaspace       used 221124K, capacity 226078K, committed 226304K, reserved 1247232K
  class space    used 27198K, capacity 29059K, committed 29184K, reserved 1048576K
}
Event: 5493.753 GC heap before
{Heap before GC invocations=187 (full 0):
 garbage-first heap   total 296960K, used 241761K [0x0000000080000000, 0x0000000100000000)
  region size 1024K, 37 young (37888K), 1 survivors (1024K)
 Metaspace       used 221350K, capacity 226328K, committed 226560K, reserved 1247232K
  class space    used 27221K, capacity 29096K, committed 29184K, reserved 1048576K
}

