# JRE version: OpenJDK Runtime Environment (11.0.12+7) (build 11.0.12+7-b1504.28-7817840)
# Java VM: OpenJDK 64-Bit Server VM (11.0.12+7-b1504.28-7817840, mixed mode, tiered, compressed oops, g1 gc, windows-amd64)
Heap:
 garbage-first heap   total 129024K, used 55201K [0x0000000080000000, 0x0000000100000000)
  region size 1024K, 17 young (17408K), 9 survivors (9216K)
 Metaspace       used 49069K, capacity 50369K, committed 50560K, reserved 1093632K
  class space    used 6267K, capacity 6752K, committed 6784K, reserved 1048576K
GC Heap History (16 events):
Event: 1.948 GC heap before
{Heap before GC invocations=0 (full 0):
 garbage-first heap   total 129024K, used 29696K [0x0000000080000000, 0x0000000100000000)
  region size 1024K, 24 young (24576K), 0 survivors (0K)
 Metaspace       used 10236K, capacity 10427K, committed 10624K, reserved 1058816K
  class space    used 1071K, capacity 1141K, committed 1152K, reserved 1048576K
}
Event: 1.955 GC heap after
{Heap after GC invocations=1 (full 0):
 garbage-first heap   total 129024K, used 9279K [0x0000000080000000, 0x0000000100000000)
  region size 1024K, 3 young (3072K), 3 survivors (3072K)
 Metaspace       used 10236K, capacity 10427K, committed 10624K, reserved 1058816K
  class space    used 1071K, capacity 1141K, committed 1152K, reserved 1048576K
}
Event: 6.217 GC heap before
{Heap before GC invocations=1 (full 0):
 garbage-first heap   total 129024K, used 83007K [0x0000000080000000, 0x0000000100000000)
  region size 1024K, 75 young (76800K), 3 survivors (3072K)
 Metaspace       used 17635K, capacity 17977K, committed 18176K, reserved 1064960K
  class space    used 2090K, capacity 2211K, committed 2304K, reserved 1048576K
}
Event: 6.227 GC heap after
{Heap after GC invocations=2 (full 0):
 garbage-first heap   total 129024K, used 15891K [0x0000000080000000, 0x0000000100000000)
  region size 1024K, 10 young (10240K), 10 survivors (10240K)
 Metaspace       used 17635K, capacity 17977K, committed 18176K, reserved 1064960K
  class space    used 2090K, capacity 2211K, committed 2304K, reserved 1048576K
}
Event: 7.206 GC heap before
{Heap before GC invocations=2 (full 0):
 garbage-first heap   total 129024K, used 43539K [0x0000000080000000, 0x0000000100000000)
  region size 1024K, 38 young (38912K), 10 survivors (10240K)
 Metaspace       used 20725K, capacity 21144K, committed 21248K, reserved 1067008K
  class space    used 2554K, capacity 2713K, committed 2816K, reserved 1048576K
}
Event: 7.222 GC heap after
{Heap after GC invocations=3 (full 0):
 garbage-first heap   total 129024K, used 16967K [0x0000000080000000, 0x0000000100000000)
  region size 1024K, 2 young (2048K), 2 survivors (2048K)
 Metaspace       used 20725K, capacity 21144K, committed 21248K, reserved 1067008K
  class space    used 2554K, capacity 2713K, committed 2816K, reserved 1048576K
}
Event: 9.649 GC heap before
{Heap before GC invocations=4 (full 0):
 garbage-first heap   total 129024K, used 76359K [0x0000000080000000, 0x0000000100000000)
  region size 1024K, 60 young (61440K), 2 survivors (2048K)
 Metaspace       used 26991K, capacity 27569K, committed 27904K, reserved 1073152K
  class space    used 3531K, capacity 3737K, committed 3840K, reserved 1048576K
}
Event: 9.656 GC heap after
{Heap after GC invocations=5 (full 0):
 garbage-first heap   total 129024K, used 18885K [0x0000000080000000, 0x0000000100000000)
  region size 1024K, 4 young (4096K), 4 survivors (4096K)
 Metaspace       used 26991K, capacity 27569K, committed 27904K, reserved 1073152K
  class space    used 3531K, capacity 3737K, committed 3840K, reserved 1048576K
}
Event: 13.718 GC heap before
{Heap before GC invocations=5 (full 0):
 garbage-first heap   total 129024K, used 70085K [0x0000000080000000, 0x0000000100000000)
  region size 1024K, 55 young (56320K), 4 survivors (4096K)
 Metaspace       used 34940K, capacity 35723K, committed 35840K, reserved 1081344K
  class space    used 4533K, capacity 4839K, committed 4864K, reserved 1048576K
}
Event: 13.742 GC heap after
{Heap after GC invocations=6 (full 0):
 garbage-first heap   total 129024K, used 21864K [0x0000000080000000, 0x0000000100000000)
  region size 1024K, 7 young (7168K), 7 survivors (7168K)
 Metaspace       used 34940K, capacity 35723K, committed 35840K, reserved 1081344K
  class space    used 4533K, capacity 4839K, committed 4864K, reserved 1048576K
}
Event: 18.318 GC heap before
{Heap before GC invocations=7 (full 0):
 garbage-first heap   total 129024K, used 91496K [0x0000000080000000, 0x0000000100000000)
  region size 1024K, 73 young (74752K), 7 survivors (7168K)
 Metaspace       used 40504K, capacity 41500K, committed 41600K, reserved 1085440K
  class space    used 5182K, capacity 5503K, committed 5504K, reserved 1048576K
}
Event: 18.333 GC heap after
{Heap after GC invocations=8 (full 0):
 garbage-first heap   total 129024K, used 27354K [0x0000000080000000, 0x0000000100000000)
  region size 1024K, 9 young (9216K), 9 survivors (9216K)
 Metaspace       used 40504K, capacity 41500K, committed 41600K, reserved 1085440K
  class space    used 5182K, capacity 5503K, committed 5504K, reserved 1048576K
}
Event: 22.800 GC heap before
{Heap before GC invocations=8 (full 0):
 garbage-first heap   total 129024K, used 92890K [0x0000000080000000, 0x0000000100000000)
  region size 1024K, 73 young (74752K), 9 survivors (9216K)
 Metaspace       used 46275K, capacity 47459K, committed 47616K, reserved 1091584K
  class space    used 5971K, capacity 6376K, committed 6400K, reserved 1048576K
}
Event: 22.817 GC heap after
{Heap after GC invocations=9 (full 0):
 garbage-first heap   total 129024K, used 29751K [0x0000000080000000, 0x0000000100000000)
  region size 1024K, 4 young (4096K), 4 survivors (4096K)
 Metaspace       used 46275K, capacity 47459K, committed 47616K, reserved 1091584K
  class space    used 5971K, capacity 6376K, committed 6400K, reserved 1048576K
}
Event: 71.773 GC heap before
{Heap before GC invocations=9 (full 0):
 garbage-first heap   total 129024K, used 103479K [0x0000000080000000, 0x0000000100000000)
  region size 1024K, 69 young (70656K), 4 survivors (4096K)
 Metaspace       used 48492K, capacity 49771K, committed 49920K, reserved 1093632K
  class space    used 6184K, capacity 6642K, committed 6656K, reserved 1048576K
}
Event: 71.785 GC heap after
{Heap after GC invocations=10 (full 0):
 garbage-first heap   total 129024K, used 48033K [0x0000000080000000, 0x0000000100000000)
  region size 1024K, 9 young (9216K), 9 survivors (9216K)
 Metaspace       used 48492K, capacity 49771K, committed 49920K, reserved 1093632K
  class space    used 6184K, capacity 6642K, committed 6656K, reserved 1048576K
}

