# JRE version: OpenJDK Runtime Environment (11.0.12+7) (build 11.0.12+7-b1504.28-7817840)
# Java VM: OpenJDK 64-Bit Server VM (11.0.12+7-b1504.28-7817840, mixed mode, tiered, compressed oops, g1 gc, windows-amd64)
Heap:
 garbage-first heap   total 304128K, used 144224K [0x0000000080000000, 0x0000000100000000)
  region size 1024K, 4 young (4096K), 4 survivors (4096K)
 Metaspace       used 127782K, capacity 131412K, committed 133888K, reserved 1165312K
  class space    used 16372K, capacity 17716K, committed 18688K, reserved 1048576K
GC Heap History (20 events):
Event: 150.706 GC heap after
{Heap after GC invocations=114 (full 0):
 garbage-first heap   total 203776K, used 137105K [0x0000000080000000, 0x0000000100000000)
  region size 1024K, 5 young (5120K), 5 survivors (5120K)
 Metaspace       used 116633K, capacity 119729K, committed 120064K, reserved 1153024K
  class space    used 14877K, capacity 16005K, committed 16128K, reserved 1048576K
}
Event: 151.433 GC heap before
{Heap before GC invocations=114 (full 0):
 garbage-first heap   total 203776K, used 161681K [0x0000000080000000, 0x0000000100000000)
  region size 1024K, 30 young (30720K), 5 survivors (5120K)
 Metaspace       used 120131K, capacity 123760K, committed 124032K, reserved 1157120K
  class space    used 15542K, capacity 16955K, committed 17024K, reserved 1048576K
}
Event: 151.443 GC heap after
{Heap after GC invocations=115 (full 0):
 garbage-first heap   total 203776K, used 140392K [0x0000000080000000, 0x0000000100000000)
  region size 1024K, 3 young (3072K), 3 survivors (3072K)
 Metaspace       used 120131K, capacity 123760K, committed 124032K, reserved 1157120K
  class space    used 15542K, capacity 16955K, committed 17024K, reserved 1048576K
}
Event: 152.035 GC heap before
{Heap before GC invocations=115 (full 0):
 garbage-first heap   total 203776K, used 163944K [0x0000000080000000, 0x0000000100000000)
  region size 1024K, 27 young (27648K), 3 survivors (3072K)
 Metaspace       used 123126K, capacity 127077K, committed 127360K, reserved 1159168K
  class space    used 16082K, capacity 17672K, committed 17792K, reserved 1048576K
}
Event: 152.039 GC heap after
{Heap after GC invocations=116 (full 0):
 garbage-first heap   total 203776K, used 141590K [0x0000000080000000, 0x0000000100000000)
  region size 1024K, 2 young (2048K), 2 survivors (2048K)
 Metaspace       used 123126K, capacity 127077K, committed 127360K, reserved 1159168K
  class space    used 16082K, capacity 17672K, committed 17792K, reserved 1048576K
}
Event: 152.222 GC heap before
{Heap before GC invocations=116 (full 0):
 garbage-first heap   total 203776K, used 167190K [0x0000000080000000, 0x0000000100000000)
  region size 1024K, 27 young (27648K), 2 survivors (2048K)
 Metaspace       used 124123K, capacity 128085K, committed 128256K, reserved 1159168K
  class space    used 16196K, capacity 17793K, committed 17920K, reserved 1048576K
}
Event: 152.226 GC heap after
{Heap after GC invocations=117 (full 0):
 garbage-first heap   total 203776K, used 141503K [0x0000000080000000, 0x0000000100000000)
  region size 1024K, 2 young (2048K), 2 survivors (2048K)
 Metaspace       used 124123K, capacity 128085K, committed 128256K, reserved 1159168K
  class space    used 16196K, capacity 17793K, committed 17920K, reserved 1048576K
}
Event: 152.350 GC heap before
{Heap before GC invocations=117 (full 0):
 garbage-first heap   total 203776K, used 168127K [0x0000000080000000, 0x0000000100000000)
  region size 1024K, 28 young (28672K), 2 survivors (2048K)
 Metaspace       used 124832K, capacity 128922K, committed 129152K, reserved 1161216K
  class space    used 16273K, capacity 17922K, committed 18048K, reserved 1048576K
}
Event: 152.355 GC heap after
{Heap after GC invocations=118 (full 0):
 garbage-first heap   total 203776K, used 142778K [0x0000000080000000, 0x0000000100000000)
  region size 1024K, 3 young (3072K), 3 survivors (3072K)
 Metaspace       used 124832K, capacity 128922K, committed 129152K, reserved 1161216K
  class space    used 16273K, capacity 17922K, committed 18048K, reserved 1048576K
}
Event: 152.536 GC heap before
{Heap before GC invocations=118 (full 0):
 garbage-first heap   total 203776K, used 169402K [0x0000000080000000, 0x0000000100000000)
  region size 1024K, 30 young (30720K), 3 survivors (3072K)
 Metaspace       used 125544K, capacity 129761K, committed 130048K, reserved 1161216K
  class space    used 16389K, capacity 18098K, committed 18176K, reserved 1048576K
}
Event: 152.540 GC heap after
{Heap after GC invocations=119 (full 0):
 garbage-first heap   total 203776K, used 144307K [0x0000000080000000, 0x0000000100000000)
  region size 1024K, 4 young (4096K), 4 survivors (4096K)
 Metaspace       used 125544K, capacity 129761K, committed 130048K, reserved 1161216K
  class space    used 16389K, capacity 18098K, committed 18176K, reserved 1048576K
}
Event: 152.787 GC heap before
{Heap before GC invocations=119 (full 0):
 garbage-first heap   total 203776K, used 169907K [0x0000000080000000, 0x0000000100000000)
  region size 1024K, 30 young (30720K), 4 survivors (4096K)
 Metaspace       used 125971K, capacity 130235K, committed 130432K, reserved 1161216K
  class space    used 16449K, capacity 18190K, committed 18304K, reserved 1048576K
}
Event: 152.790 GC heap after
{Heap after GC invocations=120 (full 0):
 garbage-first heap   total 203776K, used 141965K [0x0000000080000000, 0x0000000100000000)
  region size 1024K, 1 young (1024K), 1 survivors (1024K)
 Metaspace       used 125971K, capacity 130235K, committed 130432K, reserved 1161216K
  class space    used 16449K, capacity 18190K, committed 18304K, reserved 1048576K
}
Event: 161.878 GC heap before
{Heap before GC invocations=120 (full 0):
 garbage-first heap   total 203776K, used 170637K [0x0000000080000000, 0x0000000100000000)
  region size 1024K, 25 young (25600K), 1 survivors (1024K)
 Metaspace       used 126826K, capacity 131239K, committed 131456K, reserved 1163264K
  class space    used 16544K, capacity 18288K, committed 18304K, reserved 1048576K
}
Event: 161.883 GC heap after
{Heap after GC invocations=121 (full 0):
 garbage-first heap   total 203776K, used 146809K [0x0000000080000000, 0x0000000100000000)
  region size 1024K, 4 young (4096K), 4 survivors (4096K)
 Metaspace       used 126826K, capacity 131239K, committed 131456K, reserved 1163264K
  class space    used 16544K, capacity 18288K, committed 18304K, reserved 1048576K
}
Event: 162.284 GC heap before
{Heap before GC invocations=122 (full 0):
 garbage-first heap   total 203776K, used 170361K [0x0000000080000000, 0x0000000100000000)
  region size 1024K, 29 young (29696K), 4 survivors (4096K)
 Metaspace       used 125938K, capacity 129478K, committed 132224K, reserved 1163264K
  class space    used 16162K, capacity 17490K, committed 18560K, reserved 1048576K
}
Event: 162.591 GC heap after
{Heap after GC invocations=123 (full 0):
 garbage-first heap   total 203776K, used 149479K [0x0000000080000000, 0x0000000100000000)
  region size 1024K, 4 young (4096K), 4 survivors (4096K)
 Metaspace       used 125938K, capacity 129478K, committed 132224K, reserved 1163264K
  class space    used 16162K, capacity 17490K, committed 18560K, reserved 1048576K
}
Event: 162.674 GC heap before
{Heap before GC invocations=123 (full 0):
 garbage-first heap   total 203776K, used 154599K [0x0000000080000000, 0x0000000100000000)
  region size 1024K, 9 young (9216K), 4 survivors (4096K)
 Metaspace       used 125996K, capacity 129544K, committed 132224K, reserved 1163264K
  class space    used 16162K, capacity 17490K, committed 18560K, reserved 1048576K
}
Event: 162.887 GC heap after
{Heap after GC invocations=124 (full 0):
 garbage-first heap   total 203776K, used 142010K [0x0000000080000000, 0x0000000100000000)
  region size 1024K, 2 young (2048K), 2 survivors (2048K)
 Metaspace       used 125996K, capacity 129544K, committed 132224K, reserved 1163264K
  class space    used 16162K, capacity 17490K, committed 18560K, reserved 1048576K
}
Event: 172.397 GC heap before
{Heap before GC invocations=124 (full 0):
 garbage-first heap   total 203776K, used 173754K [0x0000000080000000, 0x0000000100000000)
  region size 1024K, 29 young (29696K), 2 survivors (2048K)
 Metaspace       used 127782K, capacity 131412K, committed 133888K, reserved 1165312K
  class space    used 16372K, capacity 17716K, committed 18688K, reserved 1048576K
}

