# JRE version: OpenJDK Runtime Environment (11.0.12+7) (build 11.0.12+7-b1504.28-7817840)
# Java VM: OpenJDK 64-Bit Server VM (11.0.12+7-b1504.28-7817840, mixed mode, tiered, compressed oops, g1 gc, windows-amd64)
Heap:
 garbage-first heap   total 262144K, used 140036K [0x0000000080000000, 0x0000000100000000)
  region size 1024K, 52 young (53248K), 13 survivors (13312K)
 Metaspace       used 95270K, capacity 97885K, committed 98092K, reserved 1134592K
  class space    used 12448K, capacity 13419K, committed 13440K, reserved 1048576K
GC Heap History (20 events):
Event: 5.934 GC heap before
{Heap before GC invocations=6 (full 0):
 garbage-first heap   total 262144K, used 150350K [0x0000000080000000, 0x0000000100000000)
  region size 1024K, 128 young (131072K), 6 survivors (6144K)
 Metaspace       used 45328K, capacity 46519K, committed 46720K, reserved 1089536K
  class space    used 5830K, capacity 6232K, committed 6272K, reserved 1048576K
}
Event: 5.946 GC heap after
{Heap after GC invocations=7 (full 0):
 garbage-first heap   total 262144K, used 30266K [0x0000000080000000, 0x0000000100000000)
  region size 1024K, 13 young (13312K), 13 survivors (13312K)
 Metaspace       used 45328K, capacity 46519K, committed 46720K, reserved 1089536K
  class space    used 5830K, capacity 6232K, committed 6272K, reserved 1048576K
}
Event: 7.566 GC heap before
{Heap before GC invocations=7 (full 0):
 garbage-first heap   total 262144K, used 180794K [0x0000000080000000, 0x0000000100000000)
  region size 1024K, 153 young (156672K), 13 survivors (13312K)
 Metaspace       used 54439K, capacity 55903K, committed 55936K, reserved 1097728K
  class space    used 6976K, capacity 7526K, committed 7552K, reserved 1048576K
}
Event: 7.585 GC heap after
{Heap after GC invocations=8 (full 0):
 garbage-first heap   total 262144K, used 52206K [0x0000000080000000, 0x0000000100000000)
  region size 1024K, 20 young (20480K), 20 survivors (20480K)
 Metaspace       used 54439K, capacity 55903K, committed 55936K, reserved 1097728K
  class space    used 6976K, capacity 7526K, committed 7552K, reserved 1048576K
}
Event: 7.940 GC heap before
{Heap before GC invocations=8 (full 0):
 garbage-first heap   total 262144K, used 78830K [0x0000000080000000, 0x0000000100000000)
  region size 1024K, 47 young (48128K), 20 survivors (20480K)
 Metaspace       used 58306K, capacity 59832K, committed 59948K, reserved 1101824K
  class space    used 7444K, capacity 8001K, committed 8064K, reserved 1048576K
}
Event: 7.970 GC heap after
{Heap after GC invocations=9 (full 0):
 garbage-first heap   total 262144K, used 55227K [0x0000000080000000, 0x0000000100000000)
  region size 1024K, 3 young (3072K), 3 survivors (3072K)
 Metaspace       used 58306K, capacity 59832K, committed 59948K, reserved 1101824K
  class space    used 7444K, capacity 8001K, committed 8064K, reserved 1048576K
}
Event: 9.313 GC heap before
{Heap before GC invocations=10 (full 0):
 garbage-first heap   total 262144K, used 152507K [0x0000000080000000, 0x0000000100000000)
  region size 1024K, 98 young (100352K), 3 survivors (3072K)
 Metaspace       used 67604K, capacity 69244K, committed 69420K, reserved 1110016K
  class space    used 8609K, capacity 9223K, committed 9344K, reserved 1048576K
}
Event: 9.321 GC heap after
{Heap after GC invocations=11 (full 0):
 garbage-first heap   total 262144K, used 59855K [0x0000000080000000, 0x0000000100000000)
  region size 1024K, 8 young (8192K), 8 survivors (8192K)
 Metaspace       used 67604K, capacity 69244K, committed 69420K, reserved 1110016K
  class space    used 8609K, capacity 9223K, committed 9344K, reserved 1048576K
}
Event: 10.436 GC heap before
{Heap before GC invocations=12 (full 0):
 garbage-first heap   total 262144K, used 162255K [0x0000000080000000, 0x0000000100000000)
  region size 1024K, 108 young (110592K), 8 survivors (8192K)
 Metaspace       used 74214K, capacity 76028K, committed 76332K, reserved 1116160K
  class space    used 9637K, capacity 10278K, committed 10368K, reserved 1048576K
}
Event: 10.449 GC heap after
{Heap after GC invocations=13 (full 0):
 garbage-first heap   total 262144K, used 67330K [0x0000000080000000, 0x0000000100000000)
  region size 1024K, 14 young (14336K), 14 survivors (14336K)
 Metaspace       used 74214K, capacity 76028K, committed 76332K, reserved 1116160K
  class space    used 9637K, capacity 10278K, committed 10368K, reserved 1048576K
}
Event: 11.613 GC heap before
{Heap before GC invocations=13 (full 0):
 garbage-first heap   total 262144K, used 172802K [0x0000000080000000, 0x0000000100000000)
  region size 1024K, 117 young (119808K), 14 survivors (14336K)
 Metaspace       used 81823K, capacity 83735K, committed 83756K, reserved 1122304K
  class space    used 10714K, capacity 11391K, committed 11392K, reserved 1048576K
}
Event: 11.628 GC heap after
{Heap after GC invocations=14 (full 0):
 garbage-first heap   total 262144K, used 74132K [0x0000000080000000, 0x0000000100000000)
  region size 1024K, 14 young (14336K), 14 survivors (14336K)
 Metaspace       used 81823K, capacity 83735K, committed 83756K, reserved 1122304K
  class space    used 10714K, capacity 11391K, committed 11392K, reserved 1048576K
}
Event: 12.874 GC heap before
{Heap before GC invocations=14 (full 0):
 garbage-first heap   total 262144K, used 179604K [0x0000000080000000, 0x0000000100000000)
  region size 1024K, 118 young (120832K), 14 survivors (14336K)
 Metaspace       used 86319K, capacity 88695K, committed 88748K, reserved 1126400K
  class space    used 11358K, capacity 12238K, committed 12288K, reserved 1048576K
}
Event: 12.896 GC heap after
{Heap after GC invocations=15 (full 0):
 garbage-first heap   total 262144K, used 83703K [0x0000000080000000, 0x0000000100000000)
  region size 1024K, 15 young (15360K), 15 survivors (15360K)
 Metaspace       used 86319K, capacity 88695K, committed 88748K, reserved 1126400K
  class space    used 11358K, capacity 12238K, committed 12288K, reserved 1048576K
}
Event: 13.657 GC heap before
{Heap before GC invocations=15 (full 0):
 garbage-first heap   total 262144K, used 187127K [0x0000000080000000, 0x0000000100000000)
  region size 1024K, 117 young (119808K), 15 survivors (15360K)
 Metaspace       used 87244K, capacity 89661K, committed 89900K, reserved 1126400K
  class space    used 11406K, capacity 12295K, committed 12416K, reserved 1048576K
}
Event: 13.675 GC heap after
{Heap after GC invocations=16 (full 0):
 garbage-first heap   total 262144K, used 91376K [0x0000000080000000, 0x0000000100000000)
  region size 1024K, 10 young (10240K), 10 survivors (10240K)
 Metaspace       used 87244K, capacity 89661K, committed 89900K, reserved 1126400K
  class space    used 11406K, capacity 12295K, committed 12416K, reserved 1048576K
}
Event: 14.326 GC heap before
{Heap before GC invocations=16 (full 0):
 garbage-first heap   total 262144K, used 193776K [0x0000000080000000, 0x0000000100000000)
  region size 1024K, 111 young (113664K), 10 survivors (10240K)
 Metaspace       used 90250K, capacity 92604K, committed 92716K, reserved 1130496K
  class space    used 11812K, capacity 12662K, committed 12672K, reserved 1048576K
}
Event: 14.338 GC heap after
{Heap after GC invocations=17 (full 0):
 garbage-first heap   total 262144K, used 96087K [0x0000000080000000, 0x0000000100000000)
  region size 1024K, 7 young (7168K), 7 survivors (7168K)
 Metaspace       used 90250K, capacity 92604K, committed 92716K, reserved 1130496K
  class space    used 11812K, capacity 12662K, committed 12672K, reserved 1048576K
}
Event: 15.406 GC heap before
{Heap before GC invocations=17 (full 0):
 garbage-first heap   total 262144K, used 198487K [0x0000000080000000, 0x0000000100000000)
  region size 1024K, 108 young (110592K), 7 survivors (7168K)
 Metaspace       used 95233K, capacity 97688K, committed 97836K, reserved 1134592K
  class space    used 12447K, capacity 13418K, committed 13440K, reserved 1048576K
}
Event: 15.420 GC heap after
{Heap after GC invocations=18 (full 0):
 garbage-first heap   total 262144K, used 102148K [0x0000000080000000, 0x0000000100000000)
  region size 1024K, 13 young (13312K), 13 survivors (13312K)
 Metaspace       used 95233K, capacity 97688K, committed 97836K, reserved 1134592K
  class space    used 12447K, capacity 13418K, committed 13440K, reserved 1048576K
}

