# JRE version: OpenJDK Runtime Environment (11.0.12+7) (build 11.0.12+7-b1504.28-7817840)
# Java VM: OpenJDK 64-Bit Server VM (11.0.12+7-b1504.28-7817840, mixed mode, tiered, compressed oops, g1 gc, windows-amd64)
Heap:
 garbage-first heap   total 262144K, used 215159K [0x0000000080000000, 0x0000000100000000)
  region size 1024K, 57 young (58368K), 6 survivors (6144K)
 Metaspace       used 117976K, capacity 121253K, committed 121420K, reserved 1155072K
  class space    used 15224K, capacity 16426K, committed 16460K, reserved 1048576K
GC Heap History (20 events):
Event: 22.757 GC heap before
{Heap before GC invocations=20 (full 0):
 garbage-first heap   total 262144K, used 200671K [0x0000000080000000, 0x0000000100000000)
  region size 1024K, 81 young (82944K), 6 survivors (6144K)
 Metaspace       used 100878K, capacity 103465K, committed 103628K, reserved 1138688K
  class space    used 13053K, capacity 13989K, committed 14028K, reserved 1048576K
}
Event: 22.774 GC heap after
{Heap after GC invocations=21 (full 0):
 garbage-first heap   total 262144K, used 132284K [0x0000000080000000, 0x0000000100000000)
  region size 1024K, 11 young (11264K), 11 survivors (11264K)
 Metaspace       used 100878K, capacity 103465K, committed 103628K, reserved 1138688K
  class space    used 13053K, capacity 13989K, committed 14028K, reserved 1048576K
}
Event: 23.541 GC heap before
{Heap before GC invocations=22 (full 0):
 garbage-first heap   total 262144K, used 204988K [0x0000000080000000, 0x0000000100000000)
  region size 1024K, 83 young (84992K), 11 survivors (11264K)
 Metaspace       used 101647K, capacity 104210K, committed 104524K, reserved 1140736K
  class space    used 13095K, capacity 14049K, committed 14156K, reserved 1048576K
}
Event: 23.559 GC heap after
{Heap after GC invocations=23 (full 0):
 garbage-first heap   total 262144K, used 137893K [0x0000000080000000, 0x0000000100000000)
  region size 1024K, 8 young (8192K), 8 survivors (8192K)
 Metaspace       used 101647K, capacity 104210K, committed 104524K, reserved 1140736K
  class space    used 13095K, capacity 14049K, committed 14156K, reserved 1048576K
}
Event: 24.157 GC heap before
{Heap before GC invocations=23 (full 0):
 garbage-first heap   total 262144K, used 207525K [0x0000000080000000, 0x0000000100000000)
  region size 1024K, 77 young (78848K), 8 survivors (8192K)
 Metaspace       used 103625K, capacity 106357K, committed 106572K, reserved 1140736K
  class space    used 13351K, capacity 14346K, committed 14412K, reserved 1048576K
}
Event: 24.168 GC heap after
{Heap after GC invocations=24 (full 0):
 garbage-first heap   total 262144K, used 141014K [0x0000000080000000, 0x0000000100000000)
  region size 1024K, 5 young (5120K), 5 survivors (5120K)
 Metaspace       used 103625K, capacity 106357K, committed 106572K, reserved 1140736K
  class space    used 13351K, capacity 14346K, committed 14412K, reserved 1048576K
}
Event: 24.858 GC heap before
{Heap before GC invocations=25 (full 0):
 garbage-first heap   total 262144K, used 212694K [0x0000000080000000, 0x0000000100000000)
  region size 1024K, 75 young (76800K), 5 survivors (5120K)
 Metaspace       used 108308K, capacity 110998K, committed 111180K, reserved 1144832K
  class space    used 13904K, capacity 14867K, committed 14924K, reserved 1048576K
}
Event: 24.868 GC heap after
{Heap after GC invocations=26 (full 0):
 garbage-first heap   total 262144K, used 144629K [0x0000000080000000, 0x0000000100000000)
  region size 1024K, 9 young (9216K), 9 survivors (9216K)
 Metaspace       used 108308K, capacity 110998K, committed 111180K, reserved 1144832K
  class space    used 13904K, capacity 14867K, committed 14924K, reserved 1048576K
}
Event: 25.595 GC heap before
{Heap before GC invocations=26 (full 0):
 garbage-first heap   total 262144K, used 215285K [0x0000000080000000, 0x0000000100000000)
  region size 1024K, 78 young (79872K), 9 survivors (9216K)
 Metaspace       used 111450K, capacity 114343K, committed 114508K, reserved 1148928K
  class space    used 14354K, capacity 15388K, committed 15436K, reserved 1048576K
}
Event: 25.609 GC heap after
{Heap after GC invocations=27 (full 0):
 garbage-first heap   total 262144K, used 148913K [0x0000000080000000, 0x0000000100000000)
  region size 1024K, 9 young (9216K), 9 survivors (9216K)
 Metaspace       used 111450K, capacity 114343K, committed 114508K, reserved 1148928K
  class space    used 14354K, capacity 15388K, committed 15436K, reserved 1048576K
}
Event: 42.970 GC heap before
{Heap before GC invocations=28 (full 0):
 garbage-first heap   total 262144K, used 216497K [0x0000000080000000, 0x0000000100000000)
  region size 1024K, 76 young (77824K), 9 survivors (9216K)
 Metaspace       used 114787K, capacity 117837K, committed 118092K, reserved 1150976K
  class space    used 14783K, capacity 15919K, committed 15948K, reserved 1048576K
}
Event: 42.983 GC heap after
{Heap after GC invocations=29 (full 0):
 garbage-first heap   total 262144K, used 154807K [0x0000000080000000, 0x0000000100000000)
  region size 1024K, 10 young (10240K), 10 survivors (10240K)
 Metaspace       used 114787K, capacity 117837K, committed 118092K, reserved 1150976K
  class space    used 14783K, capacity 15919K, committed 15948K, reserved 1048576K
}
Event: 43.737 GC heap before
{Heap before GC invocations=29 (full 0):
 garbage-first heap   total 262144K, used 217271K [0x0000000080000000, 0x0000000100000000)
  region size 1024K, 72 young (73728K), 10 survivors (10240K)
 Metaspace       used 115852K, capacity 118934K, committed 118988K, reserved 1153024K
  class space    used 14899K, capacity 16042K, committed 16076K, reserved 1048576K
}
Event: 43.758 GC heap after
{Heap after GC invocations=30 (full 0):
 garbage-first heap   total 262144K, used 162816K [0x0000000080000000, 0x0000000100000000)
  region size 1024K, 8 young (8192K), 8 survivors (8192K)
 Metaspace       used 115852K, capacity 118934K, committed 118988K, reserved 1153024K
  class space    used 14899K, capacity 16042K, committed 16076K, reserved 1048576K
}
Event: 44.372 GC heap before
{Heap before GC invocations=31 (full 0):
 garbage-first heap   total 262144K, used 219136K [0x0000000080000000, 0x0000000100000000)
  region size 1024K, 64 young (65536K), 8 survivors (8192K)
 Metaspace       used 116160K, capacity 119356K, committed 119500K, reserved 1153024K
  class space    used 14940K, capacity 16065K, committed 16076K, reserved 1048576K
}
Event: 44.389 GC heap after
{Heap after GC invocations=32 (full 0):
 garbage-first heap   total 262144K, used 168702K [0x0000000080000000, 0x0000000100000000)
  region size 1024K, 7 young (7168K), 7 survivors (7168K)
 Metaspace       used 116160K, capacity 119356K, committed 119500K, reserved 1153024K
  class space    used 14940K, capacity 16065K, committed 16076K, reserved 1048576K
}
Event: 44.425 GC heap before
{Heap before GC invocations=32 (full 0):
 garbage-first heap   total 262144K, used 172798K [0x0000000080000000, 0x0000000100000000)
  region size 1024K, 12 young (12288K), 7 survivors (7168K)
 Metaspace       used 116160K, capacity 119356K, committed 119500K, reserved 1153024K
  class space    used 14940K, capacity 16065K, committed 16076K, reserved 1048576K
}
Event: 44.442 GC heap after
{Heap after GC invocations=33 (full 0):
 garbage-first heap   total 262144K, used 161066K [0x0000000080000000, 0x0000000100000000)
  region size 1024K, 2 young (2048K), 2 survivors (2048K)
 Metaspace       used 116160K, capacity 119356K, committed 119500K, reserved 1153024K
  class space    used 14940K, capacity 16065K, committed 16076K, reserved 1048576K
}
Event: 45.024 GC heap before
{Heap before GC invocations=33 (full 0):
 garbage-first heap   total 262144K, used 217386K [0x0000000080000000, 0x0000000100000000)
  region size 1024K, 58 young (59392K), 2 survivors (2048K)
 Metaspace       used 117582K, capacity 120839K, committed 121164K, reserved 1155072K
  class space    used 15151K, capacity 16349K, committed 16460K, reserved 1048576K
}
Event: 45.038 GC heap after
{Heap after GC invocations=34 (full 0):
 garbage-first heap   total 262144K, used 164983K [0x0000000080000000, 0x0000000100000000)
  region size 1024K, 6 young (6144K), 6 survivors (6144K)
 Metaspace       used 117582K, capacity 120839K, committed 121164K, reserved 1155072K
  class space    used 15151K, capacity 16349K, committed 16460K, reserved 1048576K
}

